<?xml version="1.0" encoding="UTF-8"?>
<coverage generated="1669476296991" clover="3.2.0">
  <project timestamp="1669476296991" name="All files">
    <metrics statements="86" coveredstatements="84" conditionals="32" coveredconditionals="31" methods="9" coveredmethods="9" elements="127" coveredelements="124" complexity="0" loc="86" ncloc="86" packages="1" files="3" classes="3"/>
    <file name="Calculator.jsx" path="C:\Users\Jesus Guerrero\Desktop\dev\aprende-tdd\src\Calculator.jsx">
      <metrics statements="40" coveredstatements="40" conditionals="11" coveredconditionals="11" methods="7" coveredmethods="7"/>
      <line num="1" count="1" type="stmt"/>
      <line num="2" count="1" type="stmt"/>
      <line num="3" count="1" type="stmt"/>
      <line num="4" count="1" type="cond" truecount="1" falsecount="0"/>
      <line num="5" count="1" type="stmt"/>
      <line num="6" count="1" type="stmt"/>
      <line num="7" count="1" type="stmt"/>
      <line num="8" count="1" type="cond" truecount="1" falsecount="0"/>
      <line num="9" count="1" type="stmt"/>
      <line num="10" count="1" type="cond" truecount="1" falsecount="0"/>
      <line num="11" count="1" type="stmt"/>
      <line num="12" count="1" type="cond" truecount="1" falsecount="0"/>
      <line num="13" count="22" type="stmt"/>
      <line num="14" count="22" type="stmt"/>
      <line num="15" count="22" type="cond" truecount="2" falsecount="0"/>
      <line num="16" count="22" type="stmt"/>
      <line num="17" count="22" type="stmt"/>
      <line num="18" count="22" type="stmt"/>
      <line num="19" count="22" type="stmt"/>
      <line num="20" count="22" type="stmt"/>
      <line num="21" count="22" type="stmt"/>
      <line num="22" count="22" type="cond" truecount="1" falsecount="0"/>
      <line num="23" count="88" type="stmt"/>
      <line num="24" count="88" type="cond" truecount="1" falsecount="0"/>
      <line num="25" count="220" type="stmt"/>
      <line num="26" count="220" type="stmt"/>
      <line num="27" count="220" type="stmt"/>
      <line num="28" count="88" type="stmt"/>
      <line num="29" count="88" type="stmt"/>
      <line num="30" count="88" type="stmt"/>
      <line num="31" count="22" type="cond" truecount="1" falsecount="0"/>
      <line num="32" count="88" type="stmt"/>
      <line num="33" count="88" type="stmt"/>
      <line num="34" count="88" type="stmt"/>
      <line num="35" count="88" type="stmt"/>
      <line num="36" count="22" type="cond" truecount="1" falsecount="0"/>
      <line num="37" count="22" type="stmt"/>
      <line num="38" count="22" type="stmt"/>
      <line num="39" count="22" type="stmt"/>
      <line num="40" count="11" type="cond" truecount="1" falsecount="0"/>
    </file>
    <file name="canReconfigure.js" path="C:\Users\Jesus Guerrero\Desktop\dev\aprende-tdd\src\canReconfigure.js">
      <metrics statements="23" coveredstatements="21" conditionals="12" coveredconditionals="11" methods="1" coveredmethods="1"/>
      <line num="1" count="1" type="stmt"/>
      <line num="2" count="8" type="cond" truecount="2" falsecount="0"/>
      <line num="3" count="8" type="cond" truecount="2" falsecount="0"/>
      <line num="4" count="8" type="stmt"/>
      <line num="5" count="5" type="cond" truecount="1" falsecount="0"/>
      <line num="6" count="8" type="cond" truecount="1" falsecount="0"/>
      <line num="7" count="8" type="stmt"/>
      <line num="8" count="2" type="cond" truecount="1" falsecount="0"/>
      <line num="9" count="8" type="cond" truecount="1" falsecount="0"/>
      <line num="10" count="1" type="stmt"/>
      <line num="11" count="1" type="stmt"/>
      <line num="12" count="1" type="stmt"/>
      <line num="13" count="2" type="cond" truecount="1" falsecount="0"/>
      <line num="14" count="2" type="stmt"/>
      <line num="15" count="2" type="stmt"/>
      <line num="16" count="2" type="stmt"/>
      <line num="17" count="2" type="cond" truecount="2" falsecount="0"/>
      <line num="18" count="1" type="stmt"/>
      <line num="19" count="1" type="stmt"/>
      <line num="20" count="1" type="stmt"/>
      <line num="21" count="8" type="stmt"/>
      <line num="22" count="0" type="cond" truecount="0" falsecount="1"/>
      <line num="23" count="0" type="stmt"/>
    </file>
    <file name="fizzbuzz.js" path="C:\Users\Jesus Guerrero\Desktop\dev\aprende-tdd\src\fizzbuzz.js">
      <metrics statements="23" coveredstatements="23" conditionals="9" coveredconditionals="9" methods="1" coveredmethods="1"/>
      <line num="1" count="1" type="stmt"/>
      <line num="2" count="1" type="stmt"/>
      <line num="3" count="1" type="stmt"/>
      <line num="4" count="1" type="stmt"/>
      <line num="5" count="1" type="stmt"/>
      <line num="6" count="1" type="stmt"/>
      <line num="7" count="1" type="stmt"/>
      <line num="8" count="1" type="stmt"/>
      <line num="9" count="1" type="cond" truecount="1" falsecount="0"/>
      <line num="10" count="15" type="stmt"/>
      <line num="11" count="15" type="cond" truecount="1" falsecount="0"/>
      <line num="12" count="13" type="cond" truecount="1" falsecount="0"/>
      <line num="13" count="15" type="cond" truecount="1" falsecount="0"/>
      <line num="14" count="15" type="stmt"/>
      <line num="15" count="12" type="cond" truecount="1" falsecount="0"/>
      <line num="16" count="12" type="stmt"/>
      <line num="17" count="12" type="stmt"/>
      <line num="18" count="12" type="cond" truecount="1" falsecount="0"/>
      <line num="19" count="36" type="cond" truecount="1" falsecount="0"/>
      <line num="20" count="12" type="stmt"/>
      <line num="21" count="12" type="stmt"/>
      <line num="22" count="15" type="cond" truecount="2" falsecount="0"/>
      <line num="23" count="15" type="stmt"/>
    </file>
  </project>
</coverage>
