{"C:\\Users\\Jesus Guerrero\\Desktop\\dev\\aprende-tdd\\src\\Calculator.jsx": {"path":"C:\\Users\\Jesus Guerrero\\Desktop\\dev\\aprende-tdd\\src\\Calculator.jsx","all":false,"statementMap":{"0":{"start":{"line":1,"column":0},"end":{"line":1,"column":33}},"1":{"start":{"line":2,"column":0},"end":{"line":2,"column":34}},"2":{"start":{"line":3,"column":0},"end":{"line":3,"column":0}},"3":{"start":{"line":4,"column":0},"end":{"line":4,"column":54}},"4":{"start":{"line":5,"column":0},"end":{"line":5,"column":0}},"5":{"start":{"line":6,"column":0},"end":{"line":6,"column":52}},"6":{"start":{"line":7,"column":0},"end":{"line":7,"column":0}},"7":{"start":{"line":8,"column":0},"end":{"line":8,"column":47}},"8":{"start":{"line":9,"column":0},"end":{"line":9,"column":0}},"9":{"start":{"line":10,"column":0},"end":{"line":10,"column":29}},"10":{"start":{"line":11,"column":0},"end":{"line":11,"column":0}},"11":{"start":{"line":12,"column":0},"end":{"line":12,"column":33}},"12":{"start":{"line":13,"column":0},"end":{"line":13,"column":41}},"13":{"start":{"line":14,"column":0},"end":{"line":14,"column":0}},"14":{"start":{"line":15,"column":0},"end":{"line":15,"column":69}},"15":{"start":{"line":16,"column":0},"end":{"line":16,"column":0}},"16":{"start":{"line":17,"column":0},"end":{"line":17,"column":10}},"17":{"start":{"line":18,"column":0},"end":{"line":18,"column":13}},"18":{"start":{"line":19,"column":0},"end":{"line":19,"column":25}},"19":{"start":{"line":20,"column":0},"end":{"line":20,"column":38}},"20":{"start":{"line":21,"column":0},"end":{"line":21,"column":23}},"21":{"start":{"line":22,"column":0},"end":{"line":22,"column":35}},"22":{"start":{"line":23,"column":0},"end":{"line":23,"column":38}},"23":{"start":{"line":24,"column":0},"end":{"line":24,"column":34}},"24":{"start":{"line":25,"column":0},"end":{"line":25,"column":71}},"25":{"start":{"line":26,"column":0},"end":{"line":26,"column":24}},"26":{"start":{"line":27,"column":0},"end":{"line":27,"column":23}},"27":{"start":{"line":28,"column":0},"end":{"line":28,"column":15}},"28":{"start":{"line":29,"column":0},"end":{"line":29,"column":16}},"29":{"start":{"line":30,"column":0},"end":{"line":30,"column":11}},"30":{"start":{"line":31,"column":0},"end":{"line":31,"column":40}},"31":{"start":{"line":32,"column":0},"end":{"line":32,"column":73}},"32":{"start":{"line":33,"column":0},"end":{"line":33,"column":23}},"33":{"start":{"line":34,"column":0},"end":{"line":34,"column":19}},"34":{"start":{"line":35,"column":0},"end":{"line":35,"column":11}},"35":{"start":{"line":36,"column":0},"end":{"line":36,"column":78}},"36":{"start":{"line":37,"column":0},"end":{"line":37,"column":12}},"37":{"start":{"line":38,"column":0},"end":{"line":38,"column":14}},"38":{"start":{"line":39,"column":0},"end":{"line":39,"column":4}},"39":{"start":{"line":40,"column":0},"end":{"line":40,"column":2}}},"s":{"0":1,"1":1,"2":1,"3":1,"4":1,"5":1,"6":1,"7":1,"8":1,"9":1,"10":1,"11":1,"12":22,"13":22,"14":22,"15":22,"16":22,"17":22,"18":22,"19":22,"20":22,"21":22,"22":88,"23":88,"24":220,"25":220,"26":220,"27":88,"28":88,"29":88,"30":22,"31":88,"32":88,"33":88,"34":88,"35":22,"36":22,"37":22,"38":22,"39":11},"branchMap":{"0":{"type":"branch","line":4,"loc":{"start":{"line":4,"column":52},"end":{"line":4,"column":54}},"locations":[{"start":{"line":4,"column":52},"end":{"line":4,"column":54}}]},"1":{"type":"branch","line":8,"loc":{"start":{"line":8,"column":45},"end":{"line":8,"column":47}},"locations":[{"start":{"line":8,"column":45},"end":{"line":8,"column":47}}]},"2":{"type":"branch","line":10,"loc":{"start":{"line":10,"column":25},"end":{"line":10,"column":29}},"locations":[{"start":{"line":10,"column":25},"end":{"line":10,"column":29}}]},"3":{"type":"branch","line":12,"loc":{"start":{"line":12,"column":26},"end":{"line":40,"column":2}},"locations":[{"start":{"line":12,"column":26},"end":{"line":40,"column":2}}]},"4":{"type":"branch","line":15,"loc":{"start":{"line":15,"column":29},"end":{"line":15,"column":69}},"locations":[{"start":{"line":15,"column":29},"end":{"line":15,"column":69}}]},"5":{"type":"branch","line":15,"loc":{"start":{"line":15,"column":36},"end":{"line":15,"column":69}},"locations":[{"start":{"line":15,"column":36},"end":{"line":15,"column":69}}]},"6":{"type":"branch","line":22,"loc":{"start":{"line":22,"column":19},"end":{"line":30,"column":11}},"locations":[{"start":{"line":22,"column":19},"end":{"line":30,"column":11}}]},"7":{"type":"branch","line":24,"loc":{"start":{"line":24,"column":22},"end":{"line":28,"column":14}},"locations":[{"start":{"line":24,"column":22},"end":{"line":28,"column":14}}]},"8":{"type":"branch","line":31,"loc":{"start":{"line":31,"column":25},"end":{"line":35,"column":11}},"locations":[{"start":{"line":31,"column":25},"end":{"line":35,"column":11}}]},"9":{"type":"branch","line":36,"loc":{"start":{"line":36,"column":25},"end":{"line":36,"column":57}},"locations":[{"start":{"line":36,"column":25},"end":{"line":36,"column":57}}]},"10":{"type":"branch","line":40,"loc":{"start":{"line":40,"column":0},"end":{"line":40,"column":2}},"locations":[{"start":{"line":40,"column":0},"end":{"line":40,"column":2}}]}},"b":{"0":[1],"1":[1],"2":[1],"3":[22],"4":[308],"5":[10],"6":[88],"7":[220],"8":[88],"9":[1],"10":[11]},"fnMap":{"0":{"name":"get","decl":{"start":{"line":4,"column":52},"end":{"line":4,"column":54}},"loc":{"start":{"line":4,"column":52},"end":{"line":4,"column":54}},"line":4},"1":{"name":"get","decl":{"start":{"line":8,"column":45},"end":{"line":8,"column":47}},"loc":{"start":{"line":8,"column":45},"end":{"line":8,"column":47}},"line":8},"2":{"name":"get","decl":{"start":{"line":10,"column":25},"end":{"line":10,"column":29}},"loc":{"start":{"line":10,"column":25},"end":{"line":10,"column":29}},"line":10},"3":{"name":"Calculator","decl":{"start":{"line":12,"column":26},"end":{"line":40,"column":2}},"loc":{"start":{"line":12,"column":26},"end":{"line":40,"column":2}},"line":12},"4":{"name":"createHandleClick","decl":{"start":{"line":15,"column":29},"end":{"line":15,"column":69}},"loc":{"start":{"line":15,"column":29},"end":{"line":15,"column":69}},"line":15},"5":{"name":"onClick","decl":{"start":{"line":36,"column":25},"end":{"line":36,"column":57}},"loc":{"start":{"line":36,"column":25},"end":{"line":36,"column":57}},"line":36},"6":{"name":"get","decl":{"start":{"line":40,"column":0},"end":{"line":40,"column":2}},"loc":{"start":{"line":40,"column":0},"end":{"line":40,"column":2}},"line":40}},"f":{"0":1,"1":1,"2":1,"3":22,"4":308,"5":1,"6":11}}
,"C:\\Users\\Jesus Guerrero\\Desktop\\dev\\aprende-tdd\\src\\canReconfigure.js": {"path":"C:\\Users\\Jesus Guerrero\\Desktop\\dev\\aprende-tdd\\src\\canReconfigure.js","all":false,"statementMap":{"0":{"start":{"line":1,"column":0},"end":{"line":1,"column":45}},"1":{"start":{"line":2,"column":0},"end":{"line":2,"column":73}},"2":{"start":{"line":3,"column":0},"end":{"line":3,"column":69}},"3":{"start":{"line":4,"column":0},"end":{"line":4,"column":0}},"4":{"start":{"line":5,"column":0},"end":{"line":5,"column":49}},"5":{"start":{"line":6,"column":0},"end":{"line":6,"column":33}},"6":{"start":{"line":7,"column":0},"end":{"line":7,"column":0}},"7":{"start":{"line":8,"column":0},"end":{"line":8,"column":71}},"8":{"start":{"line":9,"column":0},"end":{"line":9,"column":42}},"9":{"start":{"line":10,"column":0},"end":{"line":10,"column":0}},"10":{"start":{"line":11,"column":0},"end":{"line":11,"column":29}},"11":{"start":{"line":12,"column":0},"end":{"line":12,"column":41}},"12":{"start":{"line":13,"column":0},"end":{"line":13,"column":31}},"13":{"start":{"line":14,"column":0},"end":{"line":14,"column":27}},"14":{"start":{"line":15,"column":0},"end":{"line":15,"column":0}},"15":{"start":{"line":16,"column":0},"end":{"line":16,"column":53}},"16":{"start":{"line":17,"column":0},"end":{"line":17,"column":64}},"17":{"start":{"line":18,"column":0},"end":{"line":18,"column":0}},"18":{"start":{"line":19,"column":0},"end":{"line":19,"column":43}},"19":{"start":{"line":20,"column":0},"end":{"line":20,"column":3}},"20":{"start":{"line":21,"column":0},"end":{"line":21,"column":0}},"21":{"start":{"line":22,"column":0},"end":{"line":22,"column":14}},"22":{"start":{"line":23,"column":0},"end":{"line":23,"column":2}}},"s":{"0":1,"1":8,"2":8,"3":8,"4":5,"5":8,"6":8,"7":2,"8":8,"9":1,"10":1,"11":1,"12":2,"13":2,"14":2,"15":2,"16":2,"17":1,"18":1,"19":1,"20":8,"21":0,"22":0},"branchMap":{"0":{"type":"branch","line":2,"loc":{"start":{"line":2,"column":-2},"end":{"line":23,"column":2}},"locations":[{"start":{"line":2,"column":-2},"end":{"line":23,"column":2}}]},"1":{"type":"branch","line":2,"loc":{"start":{"line":2,"column":33},"end":{"line":2,"column":73}},"locations":[{"start":{"line":2,"column":33},"end":{"line":2,"column":73}}]},"2":{"type":"branch","line":3,"loc":{"start":{"line":3,"column":0},"end":{"line":3,"column":31}},"locations":[{"start":{"line":3,"column":0},"end":{"line":3,"column":31}}]},"3":{"type":"branch","line":3,"loc":{"start":{"line":3,"column":31},"end":{"line":3,"column":69}},"locations":[{"start":{"line":3,"column":31},"end":{"line":3,"column":69}}]},"4":{"type":"branch","line":5,"loc":{"start":{"line":5,"column":-2},"end":{"line":6,"column":21}},"locations":[{"start":{"line":5,"column":-2},"end":{"line":6,"column":21}}]},"5":{"type":"branch","line":6,"loc":{"start":{"line":6,"column":21},"end":{"line":6,"column":33}},"locations":[{"start":{"line":6,"column":21},"end":{"line":6,"column":33}}]},"6":{"type":"branch","line":8,"loc":{"start":{"line":8,"column":-2},"end":{"line":9,"column":30}},"locations":[{"start":{"line":8,"column":-2},"end":{"line":9,"column":30}}]},"7":{"type":"branch","line":9,"loc":{"start":{"line":9,"column":30},"end":{"line":12,"column":41}},"locations":[{"start":{"line":9,"column":30},"end":{"line":12,"column":41}}]},"8":{"type":"branch","line":13,"loc":{"start":{"line":13,"column":-2},"end":{"line":20,"column":3}},"locations":[{"start":{"line":13,"column":-2},"end":{"line":20,"column":3}}]},"9":{"type":"branch","line":17,"loc":{"start":{"line":17,"column":22},"end":{"line":17,"column":50}},"locations":[{"start":{"line":17,"column":22},"end":{"line":17,"column":50}}]},"10":{"type":"branch","line":17,"loc":{"start":{"line":17,"column":52},"end":{"line":20,"column":3}},"locations":[{"start":{"line":17,"column":52},"end":{"line":20,"column":3}}]},"11":{"type":"branch","line":22,"loc":{"start":{"line":22,"column":-2},"end":{"line":23,"column":2}},"locations":[{"start":{"line":22,"column":-2},"end":{"line":23,"column":2}}]}},"b":{"0":[8],"1":[2],"2":[6],"3":[1],"4":[5],"5":[3],"6":[2],"7":[1],"8":[2],"9":[1],"10":[1],"11":[0]},"fnMap":{"0":{"name":"canReconfigure","decl":{"start":{"line":2,"column":-2},"end":{"line":23,"column":2}},"loc":{"start":{"line":2,"column":-2},"end":{"line":23,"column":2}},"line":2}},"f":{"0":8}}
,"C:\\Users\\Jesus Guerrero\\Desktop\\dev\\aprende-tdd\\src\\fizzbuzz.js": {"path":"C:\\Users\\Jesus Guerrero\\Desktop\\dev\\aprende-tdd\\src\\fizzbuzz.js","all":false,"statementMap":{"0":{"start":{"line":1,"column":0},"end":{"line":1,"column":2}},"1":{"start":{"line":2,"column":0},"end":{"line":2,"column":46}},"2":{"start":{"line":3,"column":0},"end":{"line":3,"column":37}},"3":{"start":{"line":4,"column":0},"end":{"line":4,"column":37}},"4":{"start":{"line":5,"column":0},"end":{"line":5,"column":45}},"5":{"start":{"line":6,"column":0},"end":{"line":6,"column":56}},"6":{"start":{"line":7,"column":0},"end":{"line":7,"column":2}},"7":{"start":{"line":8,"column":0},"end":{"line":8,"column":0}},"8":{"start":{"line":9,"column":0},"end":{"line":9,"column":37}},"9":{"start":{"line":10,"column":0},"end":{"line":10,"column":33}},"10":{"start":{"line":11,"column":0},"end":{"line":11,"column":59}},"11":{"start":{"line":12,"column":0},"end":{"line":12,"column":27}},"12":{"start":{"line":13,"column":0},"end":{"line":13,"column":59}},"13":{"start":{"line":14,"column":0},"end":{"line":14,"column":0}},"14":{"start":{"line":15,"column":0},"end":{"line":15,"column":57}},"15":{"start":{"line":16,"column":0},"end":{"line":16,"column":18}},"16":{"start":{"line":17,"column":0},"end":{"line":17,"column":0}},"17":{"start":{"line":18,"column":0},"end":{"line":18,"column":62}},"18":{"start":{"line":19,"column":0},"end":{"line":19,"column":50}},"19":{"start":{"line":20,"column":0},"end":{"line":20,"column":5}},"20":{"start":{"line":21,"column":0},"end":{"line":21,"column":0}},"21":{"start":{"line":22,"column":0},"end":{"line":22,"column":41}},"22":{"start":{"line":23,"column":0},"end":{"line":23,"column":2}}},"s":{"0":1,"1":1,"2":1,"3":1,"4":1,"5":1,"6":1,"7":1,"8":1,"9":15,"10":15,"11":13,"12":15,"13":15,"14":12,"15":12,"16":12,"17":12,"18":36,"19":12,"20":12,"21":15,"22":15},"branchMap":{"0":{"type":"branch","line":9,"loc":{"start":{"line":9,"column":25},"end":{"line":23,"column":2}},"locations":[{"start":{"line":9,"column":25},"end":{"line":23,"column":2}}]},"1":{"type":"branch","line":11,"loc":{"start":{"line":11,"column":5},"end":{"line":11,"column":59}},"locations":[{"start":{"line":11,"column":5},"end":{"line":11,"column":59}}]},"2":{"type":"branch","line":12,"loc":{"start":{"line":12,"column":0},"end":{"line":13,"column":5}},"locations":[{"start":{"line":12,"column":0},"end":{"line":13,"column":5}}]},"3":{"type":"branch","line":13,"loc":{"start":{"line":13,"column":5},"end":{"line":13,"column":59}},"locations":[{"start":{"line":13,"column":5},"end":{"line":13,"column":59}}]},"4":{"type":"branch","line":15,"loc":{"start":{"line":15,"column":-2},"end":{"line":22,"column":24}},"locations":[{"start":{"line":15,"column":-2},"end":{"line":22,"column":24}}]},"5":{"type":"branch","line":22,"loc":{"start":{"line":22,"column":24},"end":{"line":22,"column":32}},"locations":[{"start":{"line":22,"column":24},"end":{"line":22,"column":32}}]},"6":{"type":"branch","line":22,"loc":{"start":{"line":22,"column":33},"end":{"line":22,"column":41}},"locations":[{"start":{"line":22,"column":33},"end":{"line":22,"column":41}}]},"7":{"type":"branch","line":18,"loc":{"start":{"line":18,"column":38},"end":{"line":20,"column":4}},"locations":[{"start":{"line":18,"column":38},"end":{"line":20,"column":4}}]},"8":{"type":"branch","line":19,"loc":{"start":{"line":19,"column":36},"end":{"line":19,"column":50}},"locations":[{"start":{"line":19,"column":36},"end":{"line":19,"column":50}}]}},"b":{"0":[15],"1":[2],"2":[13],"3":[1],"4":[12],"5":[2],"6":[10],"7":[36],"8":[12]},"fnMap":{"0":{"name":"fizzbuzz","decl":{"start":{"line":9,"column":25},"end":{"line":23,"column":2}},"loc":{"start":{"line":9,"column":25},"end":{"line":23,"column":2}},"line":9}},"f":{"0":15}}
}
